<?xml version="1.0" encoding="UTF-8"?>
<!-- Generated by org.testng.reporters.JUnitXMLReporter -->
<testsuite ignored="3" hostname="Mohammed-Windows" failures="0" tests="11" name="GRP-Login" time="51.197" errors="0" timestamp="2025-07-15T17:24:26 IST">
  <testcase classname="com.testautomation.bookstore.tests.AuthenticationTest" name="invalidEmailFormat_showsFieldErrorTest" time="1.023"/>
  <testcase classname="com.testautomation.bookstore.tests.AuthenticationTest" name="invalidEmailFormat_showsFieldErrorTest" time="0.979"/>
  <testcase classname="com.testautomation.bookstore.tests.AuthenticationTest" name="invalidEmailFormat_showsFieldErrorTest" time="1.008"/>
  <testcase classname="com.testautomation.bookstore.tests.AuthenticationTest" name="invalidLoginData_showsFormLevelErrorsTest" time="1.395"/>
  <testcase classname="com.testautomation.bookstore.tests.AuthenticationTest" name="invalidLoginData_showsFormLevelErrorsTest" time="1.287"/>
  <testcase classname="com.testautomation.bookstore.tests.AuthenticationTest" name="invalidLoginData_showsFormLevelErrorsTest" time="1.32"/>
  <testcase classname="com.testautomation.bookstore.tests.AuthenticationTest" name="invalidLoginData_showsFormLevelErrorsTest" time="1.346"/>
  <testcase classname="com.testautomation.bookstore.tests.AuthenticationTest" name="invalidLoginData_showsFormLevelErrorsTest" time="1.326"/>
  <testcase classname="com.testautomation.bookstore.tests.AuthenticationTest" name="loginValidUserTest" time="1.572"/>
  <testcase classname="com.testautomation.bookstore.tests.AuthenticationTest" name="loginValidUserTest" time="1.561"/>
  <testcase classname="com.testautomation.bookstore.tests.AuthenticationTest" name="testLogout" time="2.393"/>
  <testcase classname="com.testautomation.bookstore.tests.AuthenticationTest" name="registerInvalidUserTest" time="0.0">
    <ignored/>
  </testcase> <!-- registerInvalidUserTest -->
  <testcase classname="com.testautomation.bookstore.tests.AuthenticationTest" name="registerWithDuplicateEmailTest" time="0.0">
    <ignored/>
  </testcase> <!-- registerWithDuplicateEmailTest -->
  <testcase classname="com.testautomation.bookstore.tests.AuthenticationTest" name="registerValidUserTest" time="0.0">
    <ignored/>
  </testcase> <!-- registerValidUserTest -->
</testsuite> <!-- GRP-Login -->
