<?xml version="1.0" encoding="UTF-8"?>
<!-- Generated by org.testng.reporters.JUnitXMLReporter -->
<testsuite ignored="0" hostname="Mohammed-Windows" failures="0" tests="10" name="Default test" time="51.434" errors="0" timestamp="2025-07-17T11:22:58 IST">
  <testcase classname="com.testautomation.bookstore.tests.ProductSearchTest" name="searchWithInvalidExpectedProductTest" time="0.943"/>
  <testcase classname="com.testautomation.bookstore.tests.ProductSearchTest" name="searchWithInvalidExpectedProductTest" time="0.94"/>
  <testcase classname="com.testautomation.bookstore.tests.ProductSearchTest" name="selectProductByEmptySearchTest" time="0.132"/>
  <testcase classname="com.testautomation.bookstore.tests.ProductSearchTest" name="selectProductByEmptySearchTest" time="0.13"/>
  <testcase classname="com.testautomation.bookstore.tests.ProductSearchTest" name="selectProductByLessSearchTest" time="0.758"/>
  <testcase classname="com.testautomation.bookstore.tests.ProductSearchTest" name="selectProductByLessSearchTest" time="0.746"/>
  <testcase classname="com.testautomation.bookstore.tests.ProductSearchTest" name="selectProductByNonExistentSearchTest" time="6.289"/>
  <testcase classname="com.testautomation.bookstore.tests.ProductSearchTest" name="selectProductByNonExistentSearchTest" time="6.254"/>
  <testcase classname="com.testautomation.bookstore.tests.ProductSearchTest" name="selectProductByValidSearchTest" time="1.658"/>
  <testcase classname="com.testautomation.bookstore.tests.ProductSearchTest" name="selectProductByValidSearchTest" time="2.457"/>
</testsuite> <!-- Default test -->
