<?xml version="1.0" encoding="UTF-8"?>
<!-- Generated by org.testng.reporters.JUnitXMLReporter -->
<testsuite ignored="7" hostname="Mohammed-Windows" failures="0" tests="2" name="Test" time="19.687" errors="0" timestamp="2025-06-01T08:49:10 IST">
  <testcase classname="com.testautomation.bookstore.tests.AthenticationTest" name="loginValidUserTest" time="2.188"/>
  <testcase classname="com.testautomation.bookstore.tests.AthenticationTest" name="loginValidUserTest" time="1.618"/>
  <testcase classname="com.testautomation.bookstore.tests.AthenticationTest" name="invalidEmailFormat_showsFieldErrorTest" time="0.0">
    <ignored/>
  </testcase> <!-- invalidEmailFormat_showsFieldErrorTest -->
  <testcase classname="com.testautomation.bookstore.tests.AthenticationTest" name="registerWithKnownEmailTest" time="0.0">
    <ignored/>
  </testcase> <!-- registerWithKnownEmailTest -->
  <testcase classname="com.testautomation.bookstore.tests.AthenticationTest" name="registerValidUserTest" time="0.0">
    <ignored/>
  </testcase> <!-- registerValidUserTest -->
  <testcase classname="com.testautomation.bookstore.tests.AthenticationTest" name="registerInvalidUserTest" time="0.0">
    <ignored/>
  </testcase> <!-- registerInvalidUserTest -->
  <testcase classname="com.testautomation.bookstore.tests.AthenticationTest" name="testLogout" time="0.0">
    <ignored/>
  </testcase> <!-- testLogout -->
  <testcase classname="com.testautomation.bookstore.tests.AthenticationTest" name="invalidLoginData_showsFormLevelErrorsTest" time="0.0">
    <ignored/>
  </testcase> <!-- invalidLoginData_showsFormLevelErrorsTest -->
  <testcase classname="com.testautomation.bookstore.tests.AthenticationTest" name="registerWithExistingEmailTest" time="0.0">
    <ignored/>
  </testcase> <!-- registerWithExistingEmailTest -->
</testsuite> <!-- Test -->
