<?xml version="1.0" encoding="UTF-8"?>
<!-- Generated by org.testng.reporters.JUnitXMLReporter -->
<testsuite ignored="3" hostname="Mohammed-Windows" failures="0" tests="15" name="Test" time="78.17" errors="0" timestamp="2025-07-23T13:08:13 IST">
  <testcase classname="com.testautomation.bookstore.tests.AuthenticationTest" name="invalidEmailFormat_showsFieldErrorTest" time="1.198"/>
  <testcase classname="com.testautomation.bookstore.tests.AuthenticationTest" name="invalidEmailFormat_showsFieldErrorTest" time="1.018"/>
  <testcase classname="com.testautomation.bookstore.tests.AuthenticationTest" name="invalidEmailFormat_showsFieldErrorTest" time="1.033"/>
  <testcase classname="com.testautomation.bookstore.tests.AuthenticationTest" name="invalidLoginData_showsFormLevelErrorsTest" time="1.507"/>
  <testcase classname="com.testautomation.bookstore.tests.AuthenticationTest" name="invalidLoginData_showsFormLevelErrorsTest" time="1.421"/>
  <testcase classname="com.testautomation.bookstore.tests.AuthenticationTest" name="invalidLoginData_showsFormLevelErrorsTest" time="1.408"/>
  <testcase classname="com.testautomation.bookstore.tests.AuthenticationTest" name="invalidLoginData_showsFormLevelErrorsTest" time="1.446"/>
  <testcase classname="com.testautomation.bookstore.tests.AuthenticationTest" name="invalidLoginData_showsFormLevelErrorsTest" time="1.353"/>
  <testcase classname="com.testautomation.bookstore.tests.AuthenticationTest" name="invalidLoginData_showsFormLevelErrorsTest" time="1.373"/>
  <testcase classname="com.testautomation.bookstore.tests.AuthenticationTest" name="invalidLoginData_showsFormLevelErrorsTest" time="1.576"/>
  <testcase classname="com.testautomation.bookstore.tests.AuthenticationTest" name="invalidLoginData_showsFormLevelErrorsTest" time="1.425"/>
  <testcase classname="com.testautomation.bookstore.tests.AuthenticationTest" name="invalidLoginData_showsFormLevelErrorsTest" time="1.45"/>
  <testcase classname="com.testautomation.bookstore.tests.AuthenticationTest" name="loginValidUserTest" time="1.81"/>
  <testcase classname="com.testautomation.bookstore.tests.AuthenticationTest" name="loginValidUserTest" time="1.833"/>
  <testcase classname="com.testautomation.bookstore.tests.AuthenticationTest" name="testLogout" time="2.395"/>
  <testcase classname="com.testautomation.bookstore.tests.AuthenticationTest" name="registerValidUserTest" time="0.0">
    <ignored/>
  </testcase> <!-- registerValidUserTest -->
  <testcase classname="com.testautomation.bookstore.tests.AuthenticationTest" name="registerWithDuplicateEmailTest" time="0.0">
    <ignored/>
  </testcase> <!-- registerWithDuplicateEmailTest -->
  <testcase classname="com.testautomation.bookstore.tests.AuthenticationTest" name="registerInvalidUserTest" time="0.0">
    <ignored/>
  </testcase> <!-- registerInvalidUserTest -->
</testsuite> <!-- Test -->
