<?xml version="1.0" encoding="UTF-8"?>
<testng-results ignored="0" total="1" passed="1" failed="0" skipped="0">
  <reporter-output>
  </reporter-output>
  <suite started-at="2025-06-12T11:15:29 IST" name="Default suite" finished-at="2025-06-12T11:15:37 IST" duration-ms="8036">
    <groups>
      <group name="requires-login">
        <method signature="ProductListingTest.sortProductListTest()[pri:0, instance:com.testautomation.bookstore.tests.ProductListingTest@408d971b]" name="sortProductListTest" class="com.testautomation.bookstore.tests.ProductListingTest"/>
      </group> <!-- requires-login -->
      <group name="SortProductList">
        <method signature="ProductListingTest.sortProductListTest()[pri:0, instance:com.testautomation.bookstore.tests.ProductListingTest@408d971b]" name="sortProductListTest" class="com.testautomation.bookstore.tests.ProductListingTest"/>
      </group> <!-- SortProductList -->
    </groups>
    <test started-at="2025-06-12T11:15:29 IST" name="Default test" finished-at="2025-06-12T11:15:37 IST" duration-ms="8036">
      <class name="com.testautomation.bookstore.tests.ProductListingTest">
        <test-method is-config="true" signature="launchApplication()[pri:0, instance:com.testautomation.bookstore.tests.ProductListingTest@408d971b]" started-at="2025-06-12T11:15:29 IST" name="launchApplication" finished-at="2025-06-12T11:15:33 IST" duration-ms="4085" status="PASS">
          <reporter-output>
          </reporter-output>
        </test-method> <!-- launchApplication -->
        <test-method is-config="true" signature="loginIfRequired()[pri:0, instance:com.testautomation.bookstore.tests.ProductListingTest@408d971b]" started-at="2025-06-12T11:15:33 IST" name="loginIfRequired" finished-at="2025-06-12T11:15:35 IST" duration-ms="1581" status="PASS">
          <reporter-output>
          </reporter-output>
        </test-method> <!-- loginIfRequired -->
        <test-method signature="sortProductListTest()[pri:0, instance:com.testautomation.bookstore.tests.ProductListingTest@408d971b]" started-at="2025-06-12T11:15:35 IST" name="sortProductListTest" finished-at="2025-06-12T11:15:37 IST" duration-ms="2083" status="PASS">
          <reporter-output>
          </reporter-output>
        </test-method> <!-- sortProductListTest -->
        <test-method is-config="true" signature="tearDown()[pri:0, instance:com.testautomation.bookstore.tests.ProductListingTest@408d971b]" started-at="2025-06-12T11:15:37 IST" name="tearDown" finished-at="2025-06-12T11:15:37 IST" duration-ms="237" status="PASS">
          <reporter-output>
          </reporter-output>
        </test-method> <!-- tearDown -->
      </class> <!-- com.testautomation.bookstore.tests.ProductListingTest -->
    </test> <!-- Default test -->
  </suite> <!-- Default suite -->
</testng-results>
